{"C:\\Users\\faoro\\Documents\\Projetos Faculdade\\tpk2022-azure-back\\app.js": {"path":"C:\\Users\\faoro\\Documents\\Projetos Faculdade\\tpk2022-azure-back\\app.js","statementMap":{"0":{"start":{"line":1,"column":14},"end":{"line":1,"column":32}},"1":{"start":{"line":2,"column":17},"end":{"line":2,"column":39}},"2":{"start":{"line":4,"column":17},"end":{"line":4,"column":54}},"3":{"start":{"line":5,"column":17},"end":{"line":5,"column":54}},"4":{"start":{"line":8,"column":10},"end":{"line":8,"column":19}},"5":{"start":{"line":13,"column":0},"end":{"line":13,"column":52}},"6":{"start":{"line":14,"column":0},"end":{"line":14,"column":27}},"7":{"start":{"line":16,"column":0},"end":{"line":18,"column":3}},"8":{"start":{"line":17,"column":2},"end":{"line":17,"column":32}},"9":{"start":{"line":20,"column":0},"end":{"line":38,"column":3}},"10":{"start":{"line":21,"column":2},"end":{"line":37,"column":3}},"11":{"start":{"line":22,"column":20},"end":{"line":26,"column":6}},"12":{"start":{"line":28,"column":4},"end":{"line":28,"column":61}},"13":{"start":{"line":29,"column":4},"end":{"line":33,"column":5}},"14":{"start":{"line":30,"column":6},"end":{"line":30,"column":33}},"15":{"start":{"line":32,"column":6},"end":{"line":32,"column":18}},"16":{"start":{"line":35,"column":4},"end":{"line":35,"column":23}},"17":{"start":{"line":36,"column":4},"end":{"line":36,"column":32}},"18":{"start":{"line":40,"column":0},"end":{"line":61,"column":3}},"19":{"start":{"line":41,"column":2},"end":{"line":60,"column":3}},"20":{"start":{"line":42,"column":20},"end":{"line":49,"column":6}},"21":{"start":{"line":51,"column":4},"end":{"line":51,"column":61}},"22":{"start":{"line":52,"column":4},"end":{"line":56,"column":5}},"23":{"start":{"line":53,"column":6},"end":{"line":53,"column":33}},"24":{"start":{"line":55,"column":6},"end":{"line":55,"column":18}},"25":{"start":{"line":58,"column":4},"end":{"line":58,"column":23}},"26":{"start":{"line":59,"column":4},"end":{"line":59,"column":32}},"27":{"start":{"line":63,"column":0},"end":{"line":67,"column":3}},"28":{"start":{"line":64,"column":16},"end":{"line":64,"column":50}},"29":{"start":{"line":65,"column":2},"end":{"line":65,"column":21}},"30":{"start":{"line":66,"column":2},"end":{"line":66,"column":30}},"31":{"start":{"line":70,"column":0},"end":{"line":74,"column":3}},"32":{"start":{"line":71,"column":16},"end":{"line":71,"column":50}},"33":{"start":{"line":72,"column":2},"end":{"line":72,"column":21}},"34":{"start":{"line":73,"column":2},"end":{"line":73,"column":30}},"35":{"start":{"line":76,"column":0},"end":{"line":81,"column":3}},"36":{"start":{"line":77,"column":14},"end":{"line":77,"column":28}},"37":{"start":{"line":78,"column":16},"end":{"line":78,"column":48}},"38":{"start":{"line":79,"column":2},"end":{"line":79,"column":21}},"39":{"start":{"line":80,"column":2},"end":{"line":80,"column":30}},"40":{"start":{"line":83,"column":0},"end":{"line":83,"column":21}}},"fnMap":{"0":{"name":"(anonymous_0)","decl":{"start":{"line":16,"column":20},"end":{"line":16,"column":21}},"loc":{"start":{"line":16,"column":40},"end":{"line":18,"column":1}},"line":16},"1":{"name":"(anonymous_1)","decl":{"start":{"line":20,"column":29},"end":{"line":20,"column":30}},"loc":{"start":{"line":20,"column":55},"end":{"line":38,"column":1}},"line":20},"2":{"name":"(anonymous_2)","decl":{"start":{"line":40,"column":21},"end":{"line":40,"column":22}},"loc":{"start":{"line":40,"column":47},"end":{"line":61,"column":1}},"line":40},"3":{"name":"(anonymous_3)","decl":{"start":{"line":63,"column":28},"end":{"line":63,"column":29}},"loc":{"start":{"line":63,"column":54},"end":{"line":67,"column":1}},"line":63},"4":{"name":"(anonymous_4)","decl":{"start":{"line":70,"column":28},"end":{"line":70,"column":29}},"loc":{"start":{"line":70,"column":54},"end":{"line":74,"column":1}},"line":70},"5":{"name":"(anonymous_5)","decl":{"start":{"line":76,"column":33},"end":{"line":76,"column":34}},"loc":{"start":{"line":76,"column":59},"end":{"line":81,"column":1}},"line":76}},"branchMap":{"0":{"loc":{"start":{"line":29,"column":4},"end":{"line":33,"column":5}},"type":"if","locations":[{"start":{"line":29,"column":4},"end":{"line":33,"column":5}},{"start":{"line":31,"column":11},"end":{"line":33,"column":5}}],"line":29},"1":{"loc":{"start":{"line":52,"column":4},"end":{"line":56,"column":5}},"type":"if","locations":[{"start":{"line":52,"column":4},"end":{"line":56,"column":5}},{"start":{"line":54,"column":11},"end":{"line":56,"column":5}}],"line":52}},"s":{"0":1,"1":1,"2":1,"3":1,"4":1,"5":1,"6":1,"7":1,"8":1,"9":1,"10":2,"11":2,"12":2,"13":2,"14":1,"15":1,"16":1,"17":1,"18":1,"19":2,"20":2,"21":2,"22":2,"23":1,"24":1,"25":1,"26":1,"27":1,"28":1,"29":1,"30":1,"31":1,"32":1,"33":1,"34":1,"35":1,"36":1,"37":1,"38":1,"39":1,"40":1},"f":{"0":1,"1":2,"2":2,"3":1,"4":1,"5":1},"b":{"0":[1,1],"1":[1,1]},"_coverageSchema":"1a1c01bbd47fc00a2c39e90264f33305004495a9","hash":"2eb50f94558a51be7b86f9deac8147cb21186385"}
,"C:\\Users\\faoro\\Documents\\Projetos Faculdade\\tpk2022-azure-back\\sum.js": {"path":"C:\\Users\\faoro\\Documents\\Projetos Faculdade\\tpk2022-azure-back\\sum.js","statementMap":{"0":{"start":{"line":1,"column":10},"end":{"line":3,"column":1}},"1":{"start":{"line":2,"column":4},"end":{"line":2,"column":21}},"2":{"start":{"line":6,"column":0},"end":{"line":8,"column":1}}},"fnMap":{"0":{"name":"(anonymous_0)","decl":{"start":{"line":1,"column":10},"end":{"line":1,"column":11}},"loc":{"start":{"line":1,"column":29},"end":{"line":3,"column":1}},"line":1}},"branchMap":{},"s":{"0":1,"1":2,"2":1},"f":{"0":2},"b":{},"_coverageSchema":"1a1c01bbd47fc00a2c39e90264f33305004495a9","hash":"32bd14055a9a02f5b433f6e30ba0bd69e8222080"}
,"C:\\Users\\faoro\\Documents\\Projetos Faculdade\\tpk2022-azure-back\\database\\dao\\cliente-dao.js": {"path":"C:\\Users\\faoro\\Documents\\Projetos Faculdade\\tpk2022-azure-back\\database\\dao\\cliente-dao.js","statementMap":{"0":{"start":{"line":1,"column":17},"end":{"line":1,"column":42}},"1":{"start":{"line":2,"column":16},"end":{"line":2,"column":44}},"2":{"start":{"line":7,"column":2},"end":{"line":17,"column":3}},"3":{"start":{"line":8,"column":24},"end":{"line":12,"column":6}},"4":{"start":{"line":13,"column":4},"end":{"line":13,"column":16}},"5":{"start":{"line":15,"column":4},"end":{"line":15,"column":53}},"6":{"start":{"line":16,"column":4},"end":{"line":16,"column":17}},"7":{"start":{"line":21,"column":2},"end":{"line":21,"column":33}},"8":{"start":{"line":25,"column":2},"end":{"line":29,"column":5}},"9":{"start":{"line":32,"column":0},"end":{"line":36,"column":2}}},"fnMap":{"0":{"name":"gravarDados","decl":{"start":{"line":6,"column":15},"end":{"line":6,"column":26}},"loc":{"start":{"line":6,"column":34},"end":{"line":18,"column":1}},"line":6},"1":{"name":"buscaTodosDados","decl":{"start":{"line":20,"column":15},"end":{"line":20,"column":30}},"loc":{"start":{"line":20,"column":33},"end":{"line":22,"column":1}},"line":20},"2":{"name":"buscaDados","decl":{"start":{"line":24,"column":15},"end":{"line":24,"column":25}},"loc":{"start":{"line":24,"column":41},"end":{"line":30,"column":1}},"line":24}},"branchMap":{},"s":{"0":2,"1":2,"2":2,"3":2,"4":1,"5":1,"6":1,"7":1,"8":0,"9":2},"f":{"0":2,"1":1,"2":0},"b":{},"_coverageSchema":"1a1c01bbd47fc00a2c39e90264f33305004495a9","hash":"f70f9e0ae2283f23d59e6ad716af7c6a54cb335d"}
,"C:\\Users\\faoro\\Documents\\Projetos Faculdade\\tpk2022-azure-back\\database\\dao\\produto-dao.js": {"path":"C:\\Users\\faoro\\Documents\\Projetos Faculdade\\tpk2022-azure-back\\database\\dao\\produto-dao.js","statementMap":{"0":{"start":{"line":1,"column":17},"end":{"line":1,"column":42}},"1":{"start":{"line":2,"column":16},"end":{"line":2,"column":44}},"2":{"start":{"line":7,"column":2},"end":{"line":20,"column":3}},"3":{"start":{"line":8,"column":24},"end":{"line":15,"column":6}},"4":{"start":{"line":16,"column":4},"end":{"line":16,"column":16}},"5":{"start":{"line":18,"column":4},"end":{"line":18,"column":53}},"6":{"start":{"line":19,"column":4},"end":{"line":19,"column":17}},"7":{"start":{"line":24,"column":2},"end":{"line":24,"column":33}},"8":{"start":{"line":27,"column":0},"end":{"line":30,"column":2}}},"fnMap":{"0":{"name":"gravarDados","decl":{"start":{"line":6,"column":15},"end":{"line":6,"column":26}},"loc":{"start":{"line":6,"column":34},"end":{"line":21,"column":1}},"line":6},"1":{"name":"buscaTodosDados","decl":{"start":{"line":23,"column":15},"end":{"line":23,"column":30}},"loc":{"start":{"line":23,"column":33},"end":{"line":25,"column":1}},"line":23}},"branchMap":{},"s":{"0":2,"1":2,"2":2,"3":2,"4":1,"5":1,"6":1,"7":1,"8":2},"f":{"0":2,"1":1},"b":{},"_coverageSchema":"1a1c01bbd47fc00a2c39e90264f33305004495a9","hash":"0eec996f683309c069c3e3f30471a5bf160368fa"}
,"C:\\Users\\faoro\\Documents\\Projetos Faculdade\\tpk2022-azure-back\\database\\db\\dbconfig.js": {"path":"C:\\Users\\faoro\\Documents\\Projetos Faculdade\\tpk2022-azure-back\\database\\db\\dbconfig.js","statementMap":{"0":{"start":{"line":1,"column":22},"end":{"line":1,"column":42}},"1":{"start":{"line":9,"column":17},"end":{"line":13,"column":2}},"2":{"start":{"line":16,"column":2},"end":{"line":16,"column":43}},"3":{"start":{"line":17,"column":0},"end":{"line":22,"column":3}},"4":{"start":{"line":18,"column":4},"end":{"line":18,"column":34}},"5":{"start":{"line":19,"column":4},"end":{"line":19,"column":78}},"6":{"start":{"line":21,"column":4},"end":{"line":21,"column":95}},"7":{"start":{"line":25,"column":0},"end":{"line":25,"column":32}}},"fnMap":{"0":{"name":"check","decl":{"start":{"line":15,"column":15},"end":{"line":15,"column":20}},"loc":{"start":{"line":15,"column":22},"end":{"line":23,"column":1}},"line":15}},"branchMap":{},"s":{"0":3,"1":3,"2":0,"3":0,"4":0,"5":0,"6":0,"7":3},"f":{"0":0},"b":{},"_coverageSchema":"1a1c01bbd47fc00a2c39e90264f33305004495a9","hash":"f19d3f17aae9331b5ec951171d23f13b6807d054"}
,"C:\\Users\\faoro\\Documents\\Projetos Faculdade\\tpk2022-azure-back\\database\\models\\cliente.js": {"path":"C:\\Users\\faoro\\Documents\\Projetos Faculdade\\tpk2022-azure-back\\database\\models\\cliente.js","statementMap":{"0":{"start":{"line":1,"column":16},"end":{"line":1,"column":36}},"1":{"start":{"line":2,"column":17},"end":{"line":2,"column":45}},"2":{"start":{"line":4,"column":14},"end":{"line":25,"column":2}},"3":{"start":{"line":27,"column":0},"end":{"line":27,"column":23}}},"fnMap":{},"branchMap":{},"s":{"0":2,"1":2,"2":2,"3":2},"f":{},"b":{},"_coverageSchema":"1a1c01bbd47fc00a2c39e90264f33305004495a9","hash":"a265f95411646b1d2ea0bb0beea842f44e1864d1"}
,"C:\\Users\\faoro\\Documents\\Projetos Faculdade\\tpk2022-azure-back\\database\\models\\produto.js": {"path":"C:\\Users\\faoro\\Documents\\Projetos Faculdade\\tpk2022-azure-back\\database\\models\\produto.js","statementMap":{"0":{"start":{"line":1,"column":16},"end":{"line":1,"column":36}},"1":{"start":{"line":2,"column":17},"end":{"line":2,"column":45}},"2":{"start":{"line":4,"column":14},"end":{"line":34,"column":2}},"3":{"start":{"line":36,"column":0},"end":{"line":36,"column":23}}},"fnMap":{},"branchMap":{},"s":{"0":2,"1":2,"2":2,"3":2},"f":{},"b":{},"_coverageSchema":"1a1c01bbd47fc00a2c39e90264f33305004495a9","hash":"5aaae8efe575b2e33d6c7c4e6a11fcd7342cf97c"}
}
