TN:
SF:app.js
FN:16,(anonymous_0)
FN:20,(anonymous_1)
FN:40,(anonymous_2)
FN:63,(anonymous_3)
FN:70,(anonymous_4)
FN:76,(anonymous_5)
FNF:6
FNH:6
FNDA:1,(anonymous_0)
FNDA:2,(anonymous_1)
FNDA:2,(anonymous_2)
FNDA:1,(anonymous_3)
FNDA:1,(anonymous_4)
FNDA:1,(anonymous_5)
DA:1,1
DA:2,1
DA:4,1
DA:5,1
DA:8,1
DA:13,1
DA:14,1
DA:16,1
DA:17,1
DA:20,1
DA:21,2
DA:22,2
DA:28,2
DA:29,2
DA:30,1
DA:32,1
DA:35,1
DA:36,1
DA:40,1
DA:41,2
DA:42,2
DA:51,2
DA:52,2
DA:53,1
DA:55,1
DA:58,1
DA:59,1
DA:63,1
DA:64,1
DA:65,1
DA:66,1
DA:70,1
DA:71,1
DA:72,1
DA:73,1
DA:76,1
DA:77,1
DA:78,1
DA:79,1
DA:80,1
DA:83,1
LF:41
LH:41
BRDA:29,0,0,1
BRDA:29,0,1,1
BRDA:52,1,0,1
BRDA:52,1,1,1
BRF:4
BRH:4
end_of_record
TN:
SF:sum.js
FN:1,(anonymous_0)
FNF:1
FNH:1
FNDA:2,(anonymous_0)
DA:1,1
DA:2,2
DA:6,1
LF:3
LH:3
BRF:0
BRH:0
end_of_record
TN:
SF:database\dao\cliente-dao.js
FN:6,gravarDados
FN:20,buscaTodosDados
FN:24,buscaDados
FNF:3
FNH:2
FNDA:2,gravarDados
FNDA:1,buscaTodosDados
FNDA:0,buscaDados
DA:1,2
DA:2,2
DA:7,2
DA:8,2
DA:13,1
DA:15,1
DA:16,1
DA:21,1
DA:25,0
DA:32,2
LF:10
LH:9
BRF:0
BRH:0
end_of_record
TN:
SF:database\dao\produto-dao.js
FN:6,gravarDados
FN:23,buscaTodosDados
FNF:2
FNH:2
FNDA:2,gravarDados
FNDA:1,buscaTodosDados
DA:1,2
DA:2,2
DA:7,2
DA:8,2
DA:16,1
DA:18,1
DA:19,1
DA:24,1
DA:27,2
LF:9
LH:9
BRF:0
BRH:0
end_of_record
TN:
SF:database\db\dbconfig.js
FN:15,check
FNF:1
FNH:0
FNDA:0,check
DA:1,3
DA:9,3
DA:16,0
DA:17,0
DA:18,0
DA:19,0
DA:21,0
DA:25,3
LF:8
LH:3
BRF:0
BRH:0
end_of_record
TN:
SF:database\models\cliente.js
FNF:0
FNH:0
DA:1,2
DA:2,2
DA:4,2
DA:27,2
LF:4
LH:4
BRF:0
BRH:0
end_of_record
TN:
SF:database\models\produto.js
FNF:0
FNH:0
DA:1,2
DA:2,2
DA:4,2
DA:36,2
LF:4
LH:4
BRF:0
BRH:0
end_of_record
